<?xml version="1.0" encoding="UTF-8"?>
<testng-results ignored="0" total="1" passed="1" failed="0" skipped="0">
  <reporter-output>
  </reporter-output>
  <suite started-at="2022-12-04T06:34:55 EST" name="Default suite" finished-at="2022-12-04T06:35:38 EST" duration-ms="43538">
    <groups>
    </groups>
    <test started-at="2022-12-04T06:34:55 EST" name="Default test" finished-at="2022-12-04T06:35:38 EST" duration-ms="43538">
      <class name="testscript.TS_1">
        <test-method is-config="true" signature="openapp()[pri:0, instance:testscript.TS_1@53ce1329]" started-at="2022-12-04T06:34:55 EST" name="openapp" finished-at="2022-12-04T06:35:21 EST" duration-ms="26097" status="PASS">
          <reporter-output>
          </reporter-output>
        </test-method> <!-- openapp -->
        <test-method signature="Script()[pri:0, instance:testscript.TS_1@53ce1329]" started-at="2022-12-04T06:35:21 EST" name="Script" finished-at="2022-12-04T06:35:34 EST" duration-ms="13592" status="PASS">
          <reporter-output>
          </reporter-output>
        </test-method> <!-- Script -->
        <test-method is-config="true" signature="closeapp(org.testng.ITestResult)[pri:0, instance:testscript.TS_1@53ce1329]" started-at="2022-12-04T06:35:34 EST" name="closeapp" finished-at="2022-12-04T06:35:38 EST" duration-ms="3791" status="PASS">
          <params>
            <param index="0">
              <value>
                <![CDATA[[TestResult name=Script status=SUCCESS method=TS_1.Script()[pri:0, instance:testscript.TS_1@53ce1329] output={null}]]]>
              </value>
            </param>
          </params>
          <reporter-output>
          </reporter-output>
        </test-method> <!-- closeapp -->
      </class> <!-- testscript.TS_1 -->
    </test> <!-- Default test -->
  </suite> <!-- Default suite -->
</testng-results>
